<?xml version="1.0" encoding="UTF-8"?>
<!-- Generated by org.testng.reporters.JUnitReportReporter -->
<testsuite hostname="Pradhu-PC" name="com.crm.wa.testcases.HomePageTest" tests="5" failures="0" timestamp="26 Jun 2019 11:53:19 GMT" time="120.453" errors="0">
  <testcase name="verifyContactsLinkTest" time="21.907" classname="com.crm.wa.testcases.HomePageTest"/>
  <testcase name="verifyTasksPageLinkTest" time="22.915" classname="com.crm.wa.testcases.HomePageTest"/>
  <testcase name="verifyHomePageTitleTest" time="18.392" classname="com.crm.wa.testcases.HomePageTest"/>
  <testcase name="verifyUserNameTest" time="30.624" classname="com.crm.wa.testcases.HomePageTest"/>
  <testcase name="verifyDelasLinkTest" time="26.615" classname="com.crm.wa.testcases.HomePageTest"/>
</testsuite> <!-- com.crm.wa.testcases.HomePageTest -->
