<?xml version="1.0" encoding="UTF-8"?>
<!-- Generated by org.testng.reporters.JUnitReportReporter -->
<testsuite hostname="Pradhu-PC" name="com.crm.wa.testcases.LoginPageTest" tests="3" failures="0" timestamp="26 Jun 2019 11:53:19 GMT" time="69.181" errors="0">
  <testcase name="loginTest" time="25.215" classname="com.crm.wa.testcases.LoginPageTest"/>
  <testcase name="loginPgeTtleTest" time="28.317" classname="com.crm.wa.testcases.LoginPageTest"/>
  <testcase name="crmLogoImageTest" time="15.649" classname="com.crm.wa.testcases.LoginPageTest"/>
</testsuite> <!-- com.crm.wa.testcases.LoginPageTest -->
