<?xml version="1.0" encoding="UTF-8"?>
<!-- Generated by org.testng.reporters.JUnitReportReporter -->
<testsuite hostname="Pradhu-PC" name="com.crm.wa.testcases.ContactsPageTest" tests="3" failures="0" timestamp="26 Jun 2019 11:59:56 GMT" time="93.022" errors="0">
  <testcase name="validateCreateNeContact" time="26.818" classname="com.crm.wa.testcases.ContactsPageTest"/>
  <testcase name="verifyContactsPageLabel" time="22.100" classname="com.crm.wa.testcases.ContactsPageTest"/>
  <testcase name="validateCreateNeContact" time="44.104" classname="com.crm.wa.testcases.ContactsPageTest"/>
</testsuite> <!-- com.crm.wa.testcases.ContactsPageTest -->
