<?xml version="1.0" encoding="UTF-8"?>
<!-- Generated by org.testng.reporters.JUnitReportReporter -->
<testsuite skipped="0" hostname="Pradhu-PC" name="com.crm.wa.testcases.LoginPageTest" tests="3" failures="0" timestamp="26 Jun 2019 13:45:01 GMT" time="50.676" errors="0">
  <testcase name="loginPgeTtleTest" time="12.603" classname="com.crm.wa.testcases.LoginPageTest"/>
  <testcase name="crmLogoImageTest" time="12.591" classname="com.crm.wa.testcases.LoginPageTest"/>
  <testcase name="loginTest" time="25.482" classname="com.crm.wa.testcases.LoginPageTest"/>
</testsuite> <!-- com.crm.wa.testcases.LoginPageTest -->
